23:29:49.707 [main] INFO  testCases.TC_001_AccountRegistrationTest - *********** starting TC_001_AccountRegistrationTest    *********
23:29:49.807 [main] INFO  testCases.TC_001_AccountRegistrationTest - Clicked on My Account link
23:29:50.278 [main] INFO  testCases.TC_001_AccountRegistrationTest - Clicked on Registerlink
23:29:50.278 [main] INFO  testCases.TC_001_AccountRegistrationTest - Providing customer details....
23:29:53.362 [main] INFO  testCases.TC_001_AccountRegistrationTest - Clicked on Continue button..
23:29:53.408 [main] INFO  testCases.TC_001_AccountRegistrationTest - test passed
23:29:53.415 [main] INFO  testCases.TC_001_AccountRegistrationTest - *********** Finished TC_001_AccountRegistrationTest    *********
23:29:53.435 [main] INFO  testCases.TC_001_AccountRegistrationTest - Closing application...
23:29:53.736 [main] INFO  testCases.TC_002_LoginTest - Launching Edge Browser..
23:29:57.470 [main] INFO  testCases.TC_002_LoginTest - Starting TC_002_LoginTest.....
23:30:08.655 [main] INFO  testCases.TC_002_LoginTest - Finished TC_002_LoginTest.....
23:30:08.665 [main] INFO  testCases.TC_002_LoginTest - Closing application...
00:04:29.401 [main] INFO  testCases.TC_001_AccountRegistrationTest - Launching Edge Browser..
00:04:33.995 [main] INFO  testCases.TC_001_AccountRegistrationTest - *********** starting TC_001_AccountRegistrationTest    *********
00:04:34.092 [main] INFO  testCases.TC_001_AccountRegistrationTest - Clicked on My Account link
00:04:34.556 [main] INFO  testCases.TC_001_AccountRegistrationTest - Clicked on Registerlink
00:04:34.556 [main] INFO  testCases.TC_001_AccountRegistrationTest - Providing customer details....
00:04:37.781 [main] INFO  testCases.TC_001_AccountRegistrationTest - Clicked on Continue button..
00:04:37.824 [main] INFO  testCases.TC_001_AccountRegistrationTest - test passed
00:04:37.824 [main] INFO  testCases.TC_001_AccountRegistrationTest - *********** Finished TC_001_AccountRegistrationTest    *********
00:04:37.856 [main] INFO  testCases.TC_001_AccountRegistrationTest - Closing application...
00:04:38.204 [main] INFO  testCases.TC_002_LoginTest - Launching Edge Browser..
00:04:41.873 [main] INFO  testCases.TC_002_LoginTest - Starting TC_002_LoginTest.....
00:04:53.055 [main] INFO  testCases.TC_002_LoginTest - Finished TC_002_LoginTest.....
00:04:53.059 [main] INFO  testCases.TC_002_LoginTest - Closing application...
