14:52:56.674 [main] INFO  testCases.TC_002_LoginTest - Starting TC_002_LoginTest.....
14:53:06.623 [main] INFO  testCases.TC_002_LoginTest - Closing application...
23:09:06.160 [main] INFO  testCases.TC_001_AccountRegistrationTest - Launching Edge Browser..
23:09:10.974 [main] INFO  testCases.TC_001_AccountRegistrationTest - *********** starting TC_001_AccountRegistrationTest    *********
23:09:11.097 [main] INFO  testCases.TC_001_AccountRegistrationTest - Clicked on My Account link
23:09:11.757 [main] INFO  testCases.TC_001_AccountRegistrationTest - Clicked on Registerlink
23:09:11.763 [main] INFO  testCases.TC_001_AccountRegistrationTest - Providing customer details....
23:09:14.847 [main] INFO  testCases.TC_001_AccountRegistrationTest - Clicked on Continue button..
23:09:14.895 [main] INFO  testCases.TC_001_AccountRegistrationTest - test passed
23:09:14.895 [main] INFO  testCases.TC_001_AccountRegistrationTest - *********** Finished TC_001_AccountRegistrationTest    *********
23:09:14.927 [main] INFO  testCases.TC_001_AccountRegistrationTest - Closing application...
23:09:15.261 [main] INFO  testCases.TC_002_LoginTest - Launching Edge Browser..
23:09:18.945 [main] INFO  testCases.TC_002_LoginTest - Starting TC_002_LoginTest.....
23:09:30.475 [main] INFO  testCases.TC_002_LoginTest - Closing application...
23:10:36.255 [main] INFO  testCases.TC_001_AccountRegistrationTest - Launching Edge Browser..
23:10:40.780 [main] INFO  testCases.TC_001_AccountRegistrationTest - *********** starting TC_001_AccountRegistrationTest    *********
23:10:40.904 [main] INFO  testCases.TC_001_AccountRegistrationTest - Clicked on My Account link
23:10:41.364 [main] INFO  testCases.TC_001_AccountRegistrationTest - Clicked on Registerlink
23:10:41.364 [main] INFO  testCases.TC_001_AccountRegistrationTest - Providing customer details....
23:10:44.455 [main] INFO  testCases.TC_001_AccountRegistrationTest - Clicked on Continue button..
23:10:44.502 [main] INFO  testCases.TC_001_AccountRegistrationTest - test passed
23:10:44.502 [main] INFO  testCases.TC_001_AccountRegistrationTest - *********** Finished TC_001_AccountRegistrationTest    *********
23:10:44.529 [main] INFO  testCases.TC_001_AccountRegistrationTest - Closing application...
23:10:44.851 [main] INFO  testCases.TC_002_LoginTest - Launching Edge Browser..
23:10:48.470 [main] INFO  testCases.TC_002_LoginTest - Starting TC_002_LoginTest.....
23:10:59.790 [main] INFO  testCases.TC_002_LoginTest - Closing application...
23:13:34.715 [main] INFO  testCases.TC_001_AccountRegistrationTest - Launching Edge Browser..
23:13:39.136 [main] INFO  testCases.TC_001_AccountRegistrationTest - *********** starting TC_001_AccountRegistrationTest    *********
23:13:39.262 [main] INFO  testCases.TC_001_AccountRegistrationTest - Clicked on My Account link
23:13:39.787 [main] INFO  testCases.TC_001_AccountRegistrationTest - Clicked on Registerlink
23:13:39.788 [main] INFO  testCases.TC_001_AccountRegistrationTest - Providing customer details....
23:13:42.800 [main] INFO  testCases.TC_001_AccountRegistrationTest - Clicked on Continue button..
23:13:42.849 [main] INFO  testCases.TC_001_AccountRegistrationTest - test passed
23:13:42.854 [main] INFO  testCases.TC_001_AccountRegistrationTest - *********** Finished TC_001_AccountRegistrationTest    *********
23:13:42.879 [main] INFO  testCases.TC_001_AccountRegistrationTest - Closing application...
23:13:43.241 [main] INFO  testCases.TC_002_LoginTest - Launching Edge Browser..
23:13:46.843 [main] INFO  testCases.TC_002_LoginTest - Starting TC_002_LoginTest.....
23:13:58.179 [main] INFO  testCases.TC_002_LoginTest - Closing application...
23:24:52.634 [main] INFO  testCases.TC_001_AccountRegistrationTest - Launching Edge Browser..
23:24:57.141 [main] INFO  testCases.TC_001_AccountRegistrationTest - *********** starting TC_001_AccountRegistrationTest    *********
23:24:57.242 [main] INFO  testCases.TC_001_AccountRegistrationTest - Clicked on My Account link
23:24:57.800 [main] INFO  testCases.TC_001_AccountRegistrationTest - Clicked on Registerlink
23:24:57.802 [main] INFO  testCases.TC_001_AccountRegistrationTest - Providing customer details....
23:25:00.837 [main] INFO  testCases.TC_001_AccountRegistrationTest - Clicked on Continue button..
23:25:00.879 [main] INFO  testCases.TC_001_AccountRegistrationTest - test passed
23:25:00.879 [main] INFO  testCases.TC_001_AccountRegistrationTest - *********** Finished TC_001_AccountRegistrationTest    *********
23:25:00.910 [main] INFO  testCases.TC_001_AccountRegistrationTest - Closing application...
23:25:01.243 [main] INFO  testCases.TC_002_LoginTest - Launching Edge Browser..
23:25:04.968 [main] INFO  testCases.TC_002_LoginTest - Starting TC_002_LoginTest.....
23:25:16.071 [main] INFO  testCases.TC_002_LoginTest - Finished TC_002_LoginTest.....
23:25:16.071 [main] INFO  testCases.TC_002_LoginTest - Closing application...
23:29:45.198 [main] INFO  testCases.TC_001_AccountRegistrationTest - Launching Edge Browser..
